<?xml version="1.0" encoding="UTF-8" ?>
<testsuite tests="7" failures="0" name="adventure.RoomTest" time="0.031" errors="0" skipped="0">
  <properties>
[...]
</properties>
  <testcase classname="adventure.RoomTest" name="setBeginningRoomWithValidInput" time="0.004"/>
  <testcase classname="adventure.RoomTest" name="setShortDescriptionWithValidInput" time="0.011"/>
  <testcase classname="adventure.RoomTest" name="setLongDescriptionWithValidInput" time="0.001"/>
  <testcase classname="adventure.RoomTest" name="setConnectedRoomMethod" time="0"/>
  <testcase classname="adventure.RoomTest" name="testSetNameWithValidInput" time="0.003"/>
  <testcase classname="adventure.RoomTest" name="testSetIdWithValidInput" time="0.012"/>
  <testcase classname="adventure.RoomTest" name="setBeginningRoomWithNullInput" time="0"/>
</testsuite>